\BOOKMARK [0][-]{section*.1}{Remerciements}{}% 1
\BOOKMARK [0][-]{section*.2}{R\351sum\351}{}% 2
\BOOKMARK [0][-]{section*.3}{Abstract}{}% 3
\BOOKMARK [0][-]{section*.4}{Table des mati\350res}{}% 4
\BOOKMARK [0][-]{section*.5}{Liste des tableaux}{}% 5
\BOOKMARK [0][-]{section*.6}{Liste des figures}{}% 6
\BOOKMARK [0][-]{section*.7}{Introduction g\351n\351rale}{}% 7
\BOOKMARK [0][-]{chapter.1}{ \040Titre du chapitre 1}{}% 8
\BOOKMARK [1][-]{section.1.1}{abstract}{chapter.1}% 9
\BOOKMARK [1][-]{section.1.2}{Introduction}{chapter.1}% 10
\BOOKMARK [1][-]{section.1.3}{Datasets and Methodology}{chapter.1}% 11
\BOOKMARK [1][-]{section.1.4}{Conclusion}{chapter.1}% 12
\BOOKMARK [1][-]{section.1.5}{acknowledgments}{chapter.1}% 13
\BOOKMARK [0][-]{chapter.2}{ \040Titre du chapitre 2}{}% 14
\BOOKMARK [1][-]{section.2.1}{abstract}{chapter.2}% 15
\BOOKMARK [1][-]{section.2.2}{Introduction}{chapter.2}% 16
\BOOKMARK [1][-]{section.2.3}{Datasets and Methodology}{chapter.2}% 17
\BOOKMARK [1][-]{section.2.4}{Conclusion}{chapter.2}% 18
\BOOKMARK [1][-]{section.2.5}{acknowledgments}{chapter.2}% 19
\BOOKMARK [0][-]{section*.10}{Conclusion g\351n\351rale}{}% 20
\BOOKMARK [0][-]{section*.12}{R\351f\351rences}{}% 21
\BOOKMARK [0][-]{annexe.1}{ \040Titre de l'annexe 1}{}% 22
